2021-09-09 14:37:27 - INFO - "GET / HTTP/1.1" 200 35703
2021-09-09 14:37:27 - INFO - "GET /static/style.css HTTP/1.1" 200 648
2021-09-09 14:37:27 - INFO - "GET / HTTP/1.1" 200 35703
2021-09-09 14:37:27 - INFO - "GET /favicon.ico HTTP/1.1" 200 1739
2021-09-09 14:37:27 - INFO - "GET / HTTP/1.1" 200 35703
2021-09-09 14:37:27 - INFO - "GET /favicon.ico HTTP/1.1" 200 1739
2021-09-09 14:37:27 - INFO - "GET / HTTP/1.1" 200 35703
2021-09-09 14:37:27 - INFO - "GET /favicon.ico HTTP/1.1" 200 1739
2021-09-09 14:37:27 - INFO - "GET / HTTP/1.1" 200 35703
2021-09-09 14:37:27 - INFO - "GET /static/style.css HTTP/1.1" 304 0
2021-09-09 14:37:27 - INFO - "GET /favicon.ico HTTP/1.1" 200 1739
2021-09-09 14:37:27 - INFO - "GET / HTTP/1.1" 200 35772
2021-09-09 14:37:27 - INFO - "GET /static/style.css HTTP/1.1" 304 0
2021-09-09 14:37:27 - INFO - "GET /favicon.ico HTTP/1.1" 200 1739
2021-09-09 14:37:27 - INFO - "GET / HTTP/1.1" 200 35772
2021-09-09 14:37:27 - INFO - "GET /favicon.ico HTTP/1.1" 200 1739
2021-09-09 14:37:27 - INFO - "GET / HTTP/1.1" 200 35772
2021-09-09 14:37:27 - INFO - "GET /favicon.ico HTTP/1.1" 200 1739
2021-09-09 14:37:27 - INFO - "GET / HTTP/1.1" 200 35772
2021-09-09 14:37:27 - INFO - "GET /static/style.css HTTP/1.1" 304 0
2021-09-09 14:37:27 - INFO - "GET /favicon.ico HTTP/1.1" 200 1739
2021-09-09 14:37:27 - INFO - "GET / HTTP/1.1" 200 35772
2021-09-09 14:37:27 - INFO - "GET /favicon.ico HTTP/1.1" 200 1739
2021-09-09 14:37:27 - INFO - "GET / HTTP/1.1" 200 35772
2021-09-09 14:37:27 - INFO - "GET /favicon.ico HTTP/1.1" 200 1739
2021-09-09 14:37:27 - INFO - "GET / HTTP/1.1" 200 35772
2021-09-09 14:37:27 - INFO - "GET /favicon.ico HTTP/1.1" 200 1739
2021-09-09 14:37:27 - INFO - "GET / HTTP/1.1" 200 35772
2021-09-09 14:37:27 - INFO - "GET /favicon.ico HTTP/1.1" 200 1739
2021-09-09 14:37:27 - INFO - "GET / HTTP/1.1" 200 35772
2021-09-09 14:37:27 - INFO - "GET /static/style.css HTTP/1.1" 200 648
2021-09-09 14:37:27 - INFO - "GET /favicon.ico HTTP/1.1" 200 1739
2021-09-09 14:37:27 - INFO - "GET / HTTP/1.1" 200 35776
2021-09-09 14:37:27 - INFO - "GET /static/css/style.css HTTP/1.1" 200 4147246
2021-09-09 14:37:27 - WARNING - "GET /static/style.css HTTP/1.1" 404 1536
2021-09-09 14:37:27 - INFO - "GET /favicon.ico HTTP/1.1" 200 1739
2021-09-09 14:37:27 - INFO - "GET / HTTP/1.1" 200 42293
2021-09-09 14:37:27 - WARNING - "GET /static/style.css HTTP/1.1" 404 1536
2021-09-09 14:37:27 - INFO - "GET /static/css/style.css HTTP/1.1" 304 0
2021-09-09 14:37:27 - WARNING - "GET /brand/kutty-logo-white.png HTTP/1.1" 404 1536
2021-09-09 14:37:27 - WARNING - "GET /static/style.css HTTP/1.1" 404 1536
2021-09-09 14:37:27 - INFO - "GET /favicon.ico HTTP/1.1" 200 1739
2021-09-09 14:37:27 - INFO - "GET / HTTP/1.1" 200 42293
2021-09-09 14:37:27 - WARNING - "GET /static/style.css HTTP/1.1" 404 1536
2021-09-09 14:37:27 - WARNING - "GET /brand/kutty-logo-white.png HTTP/1.1" 404 1536
2021-09-09 14:37:27 - WARNING - "GET /static/style.css HTTP/1.1" 404 1536
2021-09-09 14:37:27 - INFO - "GET /favicon.ico HTTP/1.1" 200 1739
2021-09-09 14:37:27 - INFO - "GET / HTTP/1.1" 200 34696
2021-09-09 14:37:27 - WARNING - "GET /static/style.css HTTP/1.1" 404 1536
2021-09-09 14:37:27 - INFO - "GET /static/js/kutty.js HTTP/1.1" 200 103738
2021-09-09 14:37:27 - INFO - "GET /static/css/style.css HTTP/1.1" 304 0
2021-09-09 14:37:27 - INFO - "GET /favicon.ico HTTP/1.1" 200 1739
2021-09-09 14:37:27 - WARNING - "GET /static/style.css HTTP/1.1" 404 1536
2021-09-09 14:37:27 - INFO - "GET / HTTP/1.1" 200 34631
2021-09-09 14:37:27 - INFO - "GET /static/css/style.css HTTP/1.1" 304 0
2021-09-09 14:37:27 - INFO - "GET /static/js/kutty.js HTTP/1.1" 304 0
2021-09-09 14:37:27 - INFO - "GET /favicon.ico HTTP/1.1" 200 1739
2021-09-09 14:37:27 - INFO - "GET / HTTP/1.1" 200 35747
2021-09-09 14:37:27 - INFO - "GET /favicon.ico HTTP/1.1" 200 1739
2021-09-09 14:37:27 - INFO - "GET / HTTP/1.1" 200 35754
2021-09-09 14:37:27 - INFO - "GET /static/css/style.css HTTP/1.1" 304 0
2021-09-09 14:37:27 - INFO - "GET /static/js/kutty.js HTTP/1.1" 304 0
2021-09-09 14:37:27 - INFO - "GET /favicon.ico HTTP/1.1" 200 1739
2021-09-09 14:37:27 - INFO - "GET / HTTP/1.1" 200 35754
2021-09-09 14:37:27 - INFO - "GET /static/css/style.css HTTP/1.1" 304 0
2021-09-09 14:37:27 - INFO - "GET /static/js/kutty.js HTTP/1.1" 304 0
2021-09-09 14:37:27 - INFO - "GET /favicon.ico HTTP/1.1" 200 1739
2021-09-09 15:59:03 - ERROR - TemplateNotFound in 0 on line 0
2021-09-09 15:59:03 - ERROR - "GET / HTTP/1.1" 500 1057951
2021-09-09 15:59:48 - ERROR - TemplateNotFound in 0 on line 0
2021-09-09 15:59:48 - ERROR - "GET / HTTP/1.1" 500 1058081
2021-09-09 16:00:12 - ERROR - TemplateNotFound in 0 on line 0
2021-09-09 16:00:12 - ERROR - "GET / HTTP/1.1" 500 1031677
2021-09-09 16:00:18 - ERROR - TemplateNotFound in 0 on line 0
2021-09-09 16:00:18 - ERROR - "GET / HTTP/1.1" 500 1031677
2021-09-09 16:53:38 - ERROR - OSError in 0 on line 0
2021-09-09 16:53:38 - ERROR - "GET / HTTP/1.1" 500 966704
2021-09-09 17:22:28 - ERROR - TemplateNotFound in 0 on line 0
2021-09-09 17:22:28 - ERROR - "GET / HTTP/1.1" 500 1031338
2021-09-09 18:21:07 - ERROR - TemplateSyntaxError in /home/devjames/Documentos/Projetos/Mansonit-base/fitmiles/resources/templates/layout/navbar.html on line 12
2021-09-09 18:21:07 - ERROR - "GET / HTTP/1.1" 500 1095685
2021-09-09 18:21:49 - ERROR - TemplateSyntaxError in /home/devjames/Documentos/Projetos/Mansonit-base/fitmiles/resources/templates/layout/navbar.html on line 12
2021-09-09 18:21:49 - ERROR - "GET / HTTP/1.1" 500 1095685
2021-09-09 18:22:32 - ERROR - TemplateSyntaxError in /home/devjames/Documentos/Projetos/Mansonit-base/fitmiles/resources/templates/layout/navbar.html on line 12
2021-09-09 18:22:32 - ERROR - "GET / HTTP/1.1" 500 1095685
2021-09-09 18:23:15 - ERROR - TemplateSyntaxError in /home/devjames/Documentos/Projetos/Mansonit-base/fitmiles/resources/templates/layout/navbar.html on line 12
2021-09-09 18:23:15 - ERROR - "GET / HTTP/1.1" 500 1095641
2021-09-09 18:24:40 - ERROR - TemplateSyntaxError in /home/devjames/Documentos/Projetos/Mansonit-base/fitmiles/resources/templates/layout/navbar.html on line 12
2021-09-09 18:24:40 - ERROR - "GET / HTTP/1.1" 500 1095641
2021-09-09 18:25:44 - ERROR - TemplateSyntaxError in /home/devjames/Documentos/Projetos/Mansonit-base/fitmiles/resources/templates/layout/navbar.html on line 12
2021-09-09 18:25:44 - ERROR - "GET / HTTP/1.1" 500 1095511
2021-09-09 19:09:19 - ERROR - TemplateSyntaxError in /home/devjames/Documentos/Projetos/Mansonit-base/fitmiles/resources/templates/layout/drawer.html on line 12
2021-09-09 19:09:19 - ERROR - "GET / HTTP/1.1" 500 1094886
2021-09-09 19:09:36 - ERROR - TemplateSyntaxError in /home/devjames/Documentos/Projetos/Mansonit-base/fitmiles/resources/templates/layout/drawer.html on line 12
2021-09-09 19:09:36 - ERROR - "GET / HTTP/1.1" 500 1094879
2021-09-10 15:47:29 - INFO - "GET / HTTP/1.1" 200 26887
2021-09-10 15:47:29 - INFO - "GET /static/css/style.css HTTP/1.1" 304 0
2021-09-10 15:47:29 - INFO - "GET /static/js/statistics.js HTTP/1.1" 304 0
2021-09-10 15:47:29 - INFO - "GET /static/js/app.js HTTP/1.1" 304 0
2021-09-10 15:47:29 - INFO - "GET /favicon.ico HTTP/1.1" 200 1739
2021-09-10 15:47:29 - INFO - "GET /login HTTP/1.1" 200 3611
2021-09-10 15:47:29 - INFO - "GET /login HTTP/1.1" 200 4263
2021-09-10 15:47:29 - INFO - "GET /favicon.ico HTTP/1.1" 200 1739
2021-09-10 15:47:29 - INFO - "GET /login HTTP/1.1" 200 3491
2021-09-10 15:47:29 - INFO - "GET /favicon.ico HTTP/1.1" 200 1739
2021-09-10 15:47:29 - INFO - "GET /login HTTP/1.1" 200 3491
2021-09-10 15:47:29 - INFO - "GET /favicon.ico HTTP/1.1" 200 1739
2021-09-10 15:47:29 - INFO - "GET /login HTTP/1.1" 200 3491
2021-09-10 15:47:29 - INFO - "GET /favicon.ico HTTP/1.1" 200 1739
2021-09-10 15:47:29 - INFO - "GET /login HTTP/1.1" 200 3491
2021-09-10 15:47:29 - INFO - "GET /favicon.ico HTTP/1.1" 200 1739
2021-09-10 15:47:29 - INFO - "GET /login HTTP/1.1" 200 3491
2021-09-10 15:47:29 - INFO - "GET /favicon.ico HTTP/1.1" 200 1739
2021-09-10 15:47:29 - INFO - "GET /login HTTP/1.1" 200 2691
2021-09-10 15:47:29 - INFO - "GET /favicon.ico HTTP/1.1" 200 1739
2021-09-10 15:47:29 - INFO - "GET /login HTTP/1.1" 200 2759
2021-09-10 15:47:29 - INFO - "GET /static/css/style.css HTTP/1.1" 304 0
2021-09-10 15:47:29 - INFO - "GET /favicon.ico HTTP/1.1" 200 1739
2021-09-10 15:47:29 - INFO - "GET /login HTTP/1.1" 200 2750
2021-09-10 15:47:29 - INFO - "GET /favicon.ico HTTP/1.1" 200 1739
2021-09-10 15:47:29 - INFO - "GET /login HTTP/1.1" 200 2738
2021-09-10 15:47:29 - INFO - "GET /favicon.ico HTTP/1.1" 200 1739
2021-09-10 15:47:29 - INFO - "GET /login HTTP/1.1" 200 2706
2021-09-10 15:47:29 - INFO - "GET /favicon.ico HTTP/1.1" 200 1739
2021-09-10 15:47:29 - INFO - "GET /login HTTP/1.1" 200 2703
2021-09-10 15:47:29 - INFO - "GET /favicon.ico HTTP/1.1" 200 1739
2021-09-10 15:47:29 - INFO - "GET /login HTTP/1.1" 200 2702
2021-09-10 15:47:29 - INFO - "GET /static/css/style.css HTTP/1.1" 304 0
2021-09-10 15:47:29 - INFO - "GET /favicon.ico HTTP/1.1" 200 1739
2021-09-10 15:47:29 - INFO - "GET /login HTTP/1.1" 200 2710
2021-09-10 15:47:29 - INFO - "GET /favicon.ico HTTP/1.1" 200 1739
2021-09-10 15:47:29 - INFO - "GET /login HTTP/1.1" 200 2720
2021-09-10 15:47:29 - INFO - "GET /static/css/style.css HTTP/1.1" 304 0
2021-09-10 15:47:29 - INFO - "GET /favicon.ico HTTP/1.1" 200 1739
2021-09-10 15:47:29 - INFO - "GET /login HTTP/1.1" 200 2739
2021-09-10 15:47:29 - INFO - "GET /favicon.ico HTTP/1.1" 200 1739
2021-09-10 15:47:29 - INFO - "GET /login HTTP/1.1" 200 2735
2021-09-10 15:47:29 - INFO - "GET /favicon.ico HTTP/1.1" 200 1739
2021-09-10 15:47:29 - INFO - "GET /login HTTP/1.1" 200 2070
2021-09-10 15:47:29 - INFO - "GET /static/css/style.css HTTP/1.1" 304 0
2021-09-10 15:47:29 - INFO - "GET /favicon.ico HTTP/1.1" 200 1739
2021-09-10 15:47:29 - INFO - "GET /login HTTP/1.1" 200 1948
2021-09-10 15:47:29 - INFO - "GET /favicon.ico HTTP/1.1" 200 1739
2021-09-10 15:47:29 - INFO - "GET /login HTTP/1.1" 200 3029
2021-09-10 15:47:29 - INFO - "GET /static/css/style.css HTTP/1.1" 304 0
2021-09-10 15:47:29 - INFO - "GET /favicon.ico HTTP/1.1" 200 1739
2021-09-10 15:47:29 - INFO - "GET /register HTTP/1.1" 200 2691
2021-09-10 15:47:29 - INFO - "GET /login HTTP/1.1" 200 3029
2021-09-10 15:47:29 - INFO - "GET /static/css/style.css HTTP/1.1" 304 0
2021-09-10 15:47:29 - INFO - "GET /login HTTP/1.1" 200 2953
2021-09-10 15:47:29 - INFO - "GET /static/css/style.css HTTP/1.1" 304 0
2021-09-10 15:47:29 - INFO - "GET /favicon.ico HTTP/1.1" 200 1739
2021-09-10 15:47:29 - INFO - "GET /register HTTP/1.1" 200 3141
2021-09-10 15:47:29 - INFO - "GET /register HTTP/1.1" 200 3153
2021-09-10 15:47:29 - INFO - "GET /static/css/style.css HTTP/1.1" 304 0
2021-09-10 15:47:29 - INFO - "GET /favicon.ico HTTP/1.1" 200 1739
2021-09-10 15:47:29 - INFO - "GET /register HTTP/1.1" 200 3153
2021-09-10 15:47:29 - INFO - "GET /favicon.ico HTTP/1.1" 200 1739
2021-09-10 15:47:29 - INFO - "GET /register HTTP/1.1" 200 3174
2021-09-10 15:47:29 - INFO - "GET /favicon.ico HTTP/1.1" 200 1739
2021-09-10 15:47:29 - INFO - "GET /register HTTP/1.1" 200 3173
2021-09-10 15:47:29 - INFO - "GET /favicon.ico HTTP/1.1" 200 1739
2021-09-10 15:47:29 - INFO - "GET /register HTTP/1.1" 200 3158
2021-09-10 15:47:29 - INFO - "GET /static/css/style.css HTTP/1.1" 304 0
2021-09-10 15:47:29 - INFO - "GET /favicon.ico HTTP/1.1" 200 1739
2021-09-10 15:47:29 - INFO - "GET /register HTTP/1.1" 200 3198
2021-09-10 15:47:29 - INFO - "GET /static/css/style.css HTTP/1.1" 304 0
2021-09-10 15:47:29 - INFO - "GET /favicon.ico HTTP/1.1" 200 1739
2021-09-10 15:47:29 - INFO - "GET /register HTTP/1.1" 200 3198
2021-09-10 15:47:29 - INFO - "GET /favicon.ico HTTP/1.1" 200 1739
2021-09-10 15:47:29 - INFO - "GET /register HTTP/1.1" 200 3192
2021-09-10 15:47:29 - INFO - "GET /favicon.ico HTTP/1.1" 200 1739
2021-09-10 15:47:29 - INFO - "GET /register HTTP/1.1" 200 3211
2021-09-10 15:47:29 - INFO - "GET /favicon.ico HTTP/1.1" 200 1739
2021-09-10 15:47:29 - INFO - "GET /register HTTP/1.1" 200 3238
2021-09-10 15:47:29 - INFO - "GET /static/css/style.css HTTP/1.1" 304 0
2021-09-10 15:47:29 - INFO - "GET /favicon.ico HTTP/1.1" 200 1739
2021-09-10 15:47:29 - INFO - "GET /register HTTP/1.1" 200 3251
2021-09-10 15:47:29 - INFO - "GET /favicon.ico HTTP/1.1" 200 1739
2021-09-10 15:47:29 - INFO - "GET /register HTTP/1.1" 200 3251
2021-09-10 15:47:29 - INFO - "GET /static/css/style.css HTTP/1.1" 304 0
2021-09-10 15:47:29 - INFO - "GET /favicon.ico HTTP/1.1" 200 1739
2021-09-10 15:47:29 - INFO - "GET /register HTTP/1.1" 200 3251
2021-09-10 15:47:29 - INFO - "GET /static/css/style.css HTTP/1.1" 304 0
2021-09-10 15:47:29 - INFO - "GET /favicon.ico HTTP/1.1" 200 1739
2021-09-10 15:47:29 - INFO - "GET /login HTTP/1.1" 200 3063
2021-09-10 16:53:59 - ERROR - TemplateSyntaxError in /home/devjames/Documentos/Projetos/Mansonit-base/fitmiles/resources/templates/auth/forget.html on line 60
2021-09-10 16:53:59 - ERROR - "GET /password HTTP/1.1" 500 1086673
2021-09-10 18:29:01 - ERROR - QueryException in 0 on line 0
2021-09-10 18:29:01 - ERROR - "POST /register HTTP/1.1" 500 997654
2021-09-10 18:43:25 - ERROR - QueryException in 0 on line 0
2021-09-10 18:43:25 - ERROR - "POST /register HTTP/1.1" 500 997744
2021-09-10 18:44:09 - ERROR - QueryException in 0 on line 0
2021-09-10 18:44:09 - ERROR - "POST /register HTTP/1.1" 500 997744
2021-09-10 18:48:02 - ERROR - AttributeError in 0 on line 0
2021-09-10 18:48:02 - ERROR - "POST /register HTTP/1.1" 500 1076282
2021-09-10 18:48:53 - ERROR - QueryException in 0 on line 0
2021-09-10 18:48:53 - ERROR - "POST /register HTTP/1.1" 500 997589
2021-09-12 12:22:50 - INFO - "GET / HTTP/1.1" 200 26887
2021-09-12 12:22:50 - INFO - "GET /static/js/statistics.js HTTP/1.1" 304 0
2021-09-12 12:22:50 - INFO - "GET /static/css/style.css HTTP/1.1" 304 0
2021-09-12 12:22:50 - INFO - "GET /static/js/app.js HTTP/1.1" 304 0
2021-09-12 12:22:50 - INFO - "GET /login HTTP/1.1" 200 3104
2021-09-12 12:22:50 - INFO - "GET /static/css/style.css HTTP/1.1" 304 0
2021-09-12 12:22:50 - INFO - "GET /login HTTP/1.1" 200 3104
2021-09-12 12:22:50 - INFO - "GET /register HTTP/1.1" 200 3215
2021-09-12 12:22:50 - INFO - "GET /home HTTP/1.1" 302 15
2021-09-12 12:22:50 - INFO - "GET /login HTTP/1.1" 200 3104
2021-09-12 12:22:50 - INFO - "GET /register HTTP/1.1" 200 3215
2021-09-12 12:22:50 - INFO - "GET /static/css/style.css HTTP/1.1" 304 0
2021-09-12 12:22:50 - INFO - "POST /register HTTP/1.1" 302 15
2021-09-12 12:22:50 - INFO - "GET /home HTTP/1.1" 200 1318
2021-09-12 12:22:50 - INFO - "GET /static/css/style.css HTTP/1.1" 304 0
2021-09-12 12:55:33 - INFO - "GET /home HTTP/1.1" 200 1318
2021-09-12 12:55:33 - INFO - "GET /static/css/style.css HTTP/1.1" 304 0
2021-09-12 12:55:33 - INFO - "GET /favicon.ico HTTP/1.1" 200 1739
2021-09-12 13:27:48 - ERROR - ResponseError in 0 on line 0
2021-09-12 13:29:27 - ERROR - ResponseError in 0 on line 0
2021-09-12 13:29:42 - ERROR - ResponseError in 0 on line 0
2021-09-12 13:30:30 - INFO - "GET /instructor HTTP/1.1" 200 19752
2021-09-12 13:30:30 - INFO - "GET /static/js/app.js HTTP/1.1" 304 0
2021-09-12 13:30:30 - INFO - "GET /static/css/style.css HTTP/1.1" 304 0
2021-09-12 13:30:30 - INFO - "GET /static/js/statistics.js HTTP/1.1" 304 0
2021-09-12 13:30:30 - INFO - "GET /favicon.ico HTTP/1.1" 200 1739
2021-09-12 13:30:30 - INFO - "GET /instructor HTTP/1.1" 200 27212
2021-09-12 13:30:30 - WARNING - "GET /images/person/6.jpg HTTP/1.1" 404 1536
2021-09-12 13:30:30 - WARNING - "GET /images/person/10.jpg HTTP/1.1" 404 1536
2021-09-12 13:30:30 - WARNING - "GET /images/person/3.jpg HTTP/1.1" 404 1536
2021-09-12 13:30:30 - INFO - "GET /static/js/app.js HTTP/1.1" 304 0
2021-09-12 13:30:30 - INFO - "GET /static/js/statistics.js HTTP/1.1" 304 0
2021-09-12 13:30:30 - INFO - "GET /static/css/style.css HTTP/1.1" 304 0
2021-09-12 13:30:30 - WARNING - "GET /images/person/7.jpg HTTP/1.1" 404 1536
2021-09-12 13:30:30 - INFO - "GET /favicon.ico HTTP/1.1" 200 1739
2021-09-12 13:30:30 - INFO - "GET /instructor HTTP/1.1" 200 27777
2021-09-12 13:30:30 - WARNING - "GET /images/person/6.jpg HTTP/1.1" 404 1536
2021-09-12 13:30:30 - WARNING - "GET /images/person/10.jpg HTTP/1.1" 404 1536
2021-09-12 13:30:30 - WARNING - "GET /images/person/3.jpg HTTP/1.1" 404 1536
2021-09-12 13:30:30 - INFO - "GET /static/css/style.css HTTP/1.1" 304 0
2021-09-12 13:30:30 - INFO - "GET /static/js/statistics.js HTTP/1.1" 304 0
2021-09-12 13:30:30 - INFO - "GET /static/js/app.js HTTP/1.1" 304 0
2021-09-12 13:30:30 - WARNING - "GET /images/person/7.jpg HTTP/1.1" 404 1536
2021-09-12 13:30:30 - INFO - "GET /favicon.ico HTTP/1.1" 200 1739
2021-09-12 13:30:30 - INFO - "GET /instructor HTTP/1.1" 200 22185
2021-09-12 13:30:30 - WARNING - "GET /images/person/6.jpg HTTP/1.1" 404 1536
2021-09-12 13:30:30 - INFO - "GET /favicon.ico HTTP/1.1" 200 1739
2021-09-12 13:30:30 - INFO - "GET /instructor HTTP/1.1" 200 22147
2021-09-12 13:30:30 - WARNING - "GET /images/person/6.jpg HTTP/1.1" 404 1536
2021-09-12 13:30:30 - INFO - "GET /static/js/app.js HTTP/1.1" 304 0
2021-09-12 13:30:30 - INFO - "GET /static/js/statistics.js HTTP/1.1" 304 0
2021-09-12 13:30:30 - INFO - "GET /static/css/style.css HTTP/1.1" 304 0
2021-09-12 13:30:30 - INFO - "GET /favicon.ico HTTP/1.1" 200 1739
2021-09-12 13:30:30 - INFO - "GET /instructor HTTP/1.1" 200 24147
2021-09-12 13:30:30 - INFO - "GET /static/css/style.css HTTP/1.1" 304 0
2021-09-12 13:30:30 - WARNING - "GET /images/person/6.jpg HTTP/1.1" 404 1536
2021-09-12 13:30:30 - INFO - "GET /static/js/app.js HTTP/1.1" 304 0
2021-09-12 13:30:30 - INFO - "GET /static/js/statistics.js HTTP/1.1" 304 0
2021-09-12 13:30:30 - INFO - "GET /favicon.ico HTTP/1.1" 200 1739
2021-09-12 13:30:30 - INFO - "GET /instructor HTTP/1.1" 200 24138
2021-09-12 13:30:30 - WARNING - "GET /images/person/6.jpg HTTP/1.1" 404 1536
2021-09-12 13:30:30 - INFO - "GET /favicon.ico HTTP/1.1" 200 1739
2021-09-12 13:30:30 - INFO - "GET /instructor HTTP/1.1" 200 24138
2021-09-12 13:30:30 - WARNING - "GET /images/person/6.jpg HTTP/1.1" 404 1536
2021-09-12 13:30:30 - INFO - "GET /favicon.ico HTTP/1.1" 200 1739
2021-09-12 13:30:30 - INFO - "GET /instructor HTTP/1.1" 200 24147
2021-09-12 13:30:30 - WARNING - "GET /images/person/6.jpg HTTP/1.1" 404 1536
2021-09-12 13:30:30 - INFO - "GET /favicon.ico HTTP/1.1" 200 1739
2021-09-12 13:30:30 - INFO - "GET /instructor HTTP/1.1" 200 24176
2021-09-12 13:30:30 - WARNING - "GET /images/person/6.jpg HTTP/1.1" 404 1536
2021-09-12 13:30:30 - INFO - "GET /static/js/app.js HTTP/1.1" 304 0
2021-09-12 13:30:30 - INFO - "GET /static/css/style.css HTTP/1.1" 304 0
2021-09-12 13:30:30 - INFO - "GET /static/js/statistics.js HTTP/1.1" 304 0
2021-09-12 13:30:30 - INFO - "GET /favicon.ico HTTP/1.1" 200 1739
2021-09-12 13:30:30 - INFO - "GET /instructor HTTP/1.1" 200 24167
2021-09-12 13:30:30 - WARNING - "GET /images/person/6.jpg HTTP/1.1" 404 1536
2021-09-12 13:30:30 - INFO - "GET /favicon.ico HTTP/1.1" 200 1739
2021-09-12 13:30:30 - INFO - "GET /instructor HTTP/1.1" 200 24182
2021-09-12 13:30:30 - INFO - "GET /static/css/style.css HTTP/1.1" 304 0
2021-09-12 13:30:30 - INFO - "GET /static/js/app.js HTTP/1.1" 304 0
2021-09-12 13:30:30 - WARNING - "GET /images/person/6.jpg HTTP/1.1" 404 1536
2021-09-12 13:30:30 - INFO - "GET /static/js/statistics.js HTTP/1.1" 304 0
2021-09-12 13:30:30 - INFO - "GET /favicon.ico HTTP/1.1" 200 1739
2021-09-12 13:30:30 - INFO - "GET /instructor HTTP/1.1" 200 24353
2021-09-12 13:30:30 - WARNING - "GET /images/person/6.jpg HTTP/1.1" 404 1536
2021-09-12 13:30:30 - INFO - "GET /static/js/app.js HTTP/1.1" 304 0
2021-09-12 13:30:30 - INFO - "GET /static/js/statistics.js HTTP/1.1" 304 0
2021-09-12 13:30:30 - INFO - "GET /static/css/style.css HTTP/1.1" 304 0
2021-09-12 13:30:30 - INFO - "GET /favicon.ico HTTP/1.1" 200 1739
2021-09-12 13:30:30 - INFO - "GET /instructor HTTP/1.1" 200 24361
2021-09-12 13:30:30 - WARNING - "GET /images/person/6.jpg HTTP/1.1" 404 1536
2021-09-12 13:30:30 - INFO - "GET /favicon.ico HTTP/1.1" 200 1739
2021-09-12 13:30:30 - INFO - "GET /instructor HTTP/1.1" 200 23888
2021-09-12 13:30:30 - WARNING - "GET /images/person/6.jpg HTTP/1.1" 404 1536
2021-09-12 13:30:30 - INFO - "GET /static/css/style.css HTTP/1.1" 304 0
2021-09-12 13:30:30 - INFO - "GET /static/js/app.js HTTP/1.1" 304 0
2021-09-12 13:30:30 - INFO - "GET /static/js/statistics.js HTTP/1.1" 304 0
2021-09-12 13:30:30 - INFO - "GET /favicon.ico HTTP/1.1" 200 1739
2021-09-12 13:30:30 - INFO - "GET /instructor HTTP/1.1" 200 24755
2021-09-12 13:30:30 - WARNING - "GET /images/person/6.jpg HTTP/1.1" 404 1536
2021-09-12 13:30:30 - INFO - "GET /static/js/app.js HTTP/1.1" 304 0
2021-09-12 13:30:30 - INFO - "GET /static/js/statistics.js HTTP/1.1" 304 0
2021-09-12 13:30:30 - INFO - "GET /static/css/style.css HTTP/1.1" 304 0
2021-09-12 13:30:30 - INFO - "GET /favicon.ico HTTP/1.1" 200 1739
2021-09-12 17:25:16 - INFO - "GET /instructor HTTP/1.1" 200 24806
2021-09-12 17:25:16 - WARNING - "GET /images/person/6.jpg HTTP/1.1" 404 1536
2021-09-12 17:25:16 - INFO - "GET /static/js/app.js HTTP/1.1" 304 0
2021-09-12 17:25:16 - INFO - "GET /static/js/statistics.js HTTP/1.1" 304 0
2021-09-12 17:25:16 - INFO - "GET /static/css/style.css HTTP/1.1" 304 0
2021-09-12 17:25:16 - INFO - "GET /favicon.ico HTTP/1.1" 200 1739
2021-09-12 17:25:16 - INFO - "GET /instructor HTTP/1.1" 200 24900
2021-09-12 17:25:16 - WARNING - "GET /images/person/6.jpg HTTP/1.1" 404 1536
2021-09-12 17:25:16 - INFO - "GET /favicon.ico HTTP/1.1" 200 1739
2021-09-12 17:25:16 - INFO - "GET /instructor HTTP/1.1" 200 24900
2021-09-12 17:25:16 - INFO - "GET /static/css/style.css HTTP/1.1" 304 0
2021-09-12 17:25:16 - INFO - "GET /static/js/app.js HTTP/1.1" 304 0
2021-09-12 17:25:16 - WARNING - "GET /images/person/6.jpg HTTP/1.1" 404 1536
2021-09-12 17:25:16 - INFO - "GET /static/js/statistics.js HTTP/1.1" 304 0
2021-09-12 17:25:16 - INFO - "GET /favicon.ico HTTP/1.1" 200 1739
2021-09-12 17:25:16 - INFO - "GET /instructor HTTP/1.1" 200 24900
2021-09-12 17:25:16 - WARNING - "GET /images/person/6.jpg HTTP/1.1" 404 1536
2021-09-12 17:25:16 - INFO - "GET /favicon.ico HTTP/1.1" 200 1739
2021-09-12 17:25:16 - INFO - "GET /instructor HTTP/1.1" 200 24919
2021-09-12 17:25:16 - INFO - "GET /static/css/style.css HTTP/1.1" 304 0
2021-09-12 17:25:16 - INFO - "GET /static/js/app.js HTTP/1.1" 304 0
2021-09-12 17:25:16 - WARNING - "GET /images/person/6.jpg HTTP/1.1" 404 1536
2021-09-12 17:25:16 - INFO - "GET /static/js/statistics.js HTTP/1.1" 304 0
2021-09-12 17:25:16 - INFO - "GET /favicon.ico HTTP/1.1" 200 1739
2021-09-12 17:25:16 - INFO - "GET /instructor HTTP/1.1" 200 24919
2021-09-12 17:25:16 - WARNING - "GET /images/person/6.jpg HTTP/1.1" 404 1536
2021-09-12 17:25:16 - INFO - "GET /favicon.ico HTTP/1.1" 200 1739
2021-09-12 17:25:16 - INFO - "GET /instructor HTTP/1.1" 200 25041
2021-09-12 17:25:16 - INFO - "GET /static/css/style.css HTTP/1.1" 304 0
2021-09-12 17:25:16 - INFO - "GET /static/js/app.js HTTP/1.1" 304 0
2021-09-12 17:25:16 - INFO - "GET /static/js/statistics.js HTTP/1.1" 304 0
2021-09-12 17:25:16 - INFO - "GET /favicon.ico HTTP/1.1" 200 1739
2021-09-12 17:25:16 - INFO - "GET /instructor HTTP/1.1" 200 25040
2021-09-12 17:25:16 - INFO - "GET /favicon.ico HTTP/1.1" 200 1739
2021-09-12 17:25:16 - INFO - "GET /instructor HTTP/1.1" 200 25041
2021-09-12 17:25:16 - INFO - "GET /static/css/style.css HTTP/1.1" 304 0
2021-09-12 17:25:16 - INFO - "GET /static/js/app.js HTTP/1.1" 304 0
2021-09-12 17:25:16 - INFO - "GET /static/js/statistics.js HTTP/1.1" 304 0
2021-09-12 17:25:16 - INFO - "GET /favicon.ico HTTP/1.1" 200 1739
2021-09-12 17:25:16 - INFO - "GET /instructor HTTP/1.1" 200 25037
2021-09-12 17:25:16 - INFO - "GET /favicon.ico HTTP/1.1" 200 1739
2021-09-12 17:25:16 - INFO - "GET /instructor HTTP/1.1" 200 25037
2021-09-12 17:25:16 - INFO - "GET /favicon.ico HTTP/1.1" 200 1739
2021-09-12 17:25:16 - INFO - "GET /instructor HTTP/1.1" 200 25012
2021-09-12 17:25:16 - INFO - "GET /static/css/style.css HTTP/1.1" 304 0
2021-09-12 17:25:16 - INFO - "GET /static/js/app.js HTTP/1.1" 304 0
2021-09-12 17:25:16 - INFO - "GET /static/js/statistics.js HTTP/1.1" 304 0
2021-09-12 17:25:16 - INFO - "GET /favicon.ico HTTP/1.1" 200 1739
2021-09-12 17:25:16 - INFO - "GET /instructor HTTP/1.1" 200 25027
2021-09-12 17:25:16 - INFO - "GET /favicon.ico HTTP/1.1" 200 1739
2021-09-12 17:25:16 - INFO - "GET /instructor HTTP/1.1" 200 25027
2021-09-12 17:25:16 - INFO - "GET /static/css/style.css HTTP/1.1" 304 0
2021-09-12 17:25:16 - INFO - "GET /static/js/app.js HTTP/1.1" 304 0
2021-09-12 17:25:16 - INFO - "GET /static/js/statistics.js HTTP/1.1" 304 0
2021-09-12 17:25:16 - INFO - "GET /favicon.ico HTTP/1.1" 200 1739
2021-09-12 17:25:16 - INFO - "GET /instructor HTTP/1.1" 200 25022
2021-09-12 17:25:16 - INFO - "GET /favicon.ico HTTP/1.1" 200 1739
2021-09-12 17:25:16 - INFO - "GET /instructor HTTP/1.1" 200 25045
2021-09-12 17:25:16 - INFO - "GET /static/css/style.css HTTP/1.1" 304 0
2021-09-12 17:25:16 - INFO - "GET /static/js/app.js HTTP/1.1" 304 0
2021-09-12 17:25:16 - INFO - "GET /static/js/statistics.js HTTP/1.1" 304 0
2021-09-12 17:25:16 - INFO - "GET /favicon.ico HTTP/1.1" 200 1739
2021-09-12 17:25:16 - INFO - "GET /instructor HTTP/1.1" 200 25047
2021-09-12 17:25:16 - INFO - "GET /favicon.ico HTTP/1.1" 200 1739
2021-09-12 17:25:16 - INFO - "GET /instructor HTTP/1.1" 200 25047
2021-09-12 17:25:16 - INFO - "GET /static/css/style.css HTTP/1.1" 304 0
2021-09-12 17:25:16 - INFO - "GET /static/js/app.js HTTP/1.1" 304 0
2021-09-12 17:25:16 - INFO - "GET /static/js/statistics.js HTTP/1.1" 304 0
2021-09-12 17:25:16 - INFO - "GET /favicon.ico HTTP/1.1" 200 1739
2021-09-12 17:25:16 - INFO - "GET /instructor HTTP/1.1" 200 25047
2021-09-12 17:25:16 - INFO - "GET /favicon.ico HTTP/1.1" 200 1739
2021-09-12 17:25:16 - INFO - "GET /instructor HTTP/1.1" 200 25047
2021-09-12 17:25:16 - INFO - "GET /static/css/style.css HTTP/1.1" 304 0
2021-09-12 17:25:16 - INFO - "GET /static/js/app.js HTTP/1.1" 304 0
2021-09-12 17:25:16 - INFO - "GET /static/js/statistics.js HTTP/1.1" 304 0
2021-09-12 17:25:16 - INFO - "GET /favicon.ico HTTP/1.1" 200 1739
2021-09-12 17:25:16 - INFO - "GET /instructor HTTP/1.1" 200 25057
2021-09-12 17:25:16 - INFO - "GET /static/css/style.css HTTP/1.1" 304 0
2021-09-12 17:25:16 - INFO - "GET /static/js/app.js HTTP/1.1" 304 0
2021-09-12 17:25:16 - INFO - "GET /static/js/statistics.js HTTP/1.1" 304 0
2021-09-12 17:25:16 - INFO - "GET /favicon.ico HTTP/1.1" 200 1739
2021-09-12 17:25:16 - INFO - "GET /instructor HTTP/1.1" 200 25078
2021-09-12 17:25:16 - INFO - "GET /favicon.ico HTTP/1.1" 200 1739
2021-09-12 17:25:16 - INFO - "GET /instructor HTTP/1.1" 200 25077
2021-09-12 17:25:16 - INFO - "GET /favicon.ico HTTP/1.1" 200 1739
2021-09-12 17:25:16 - INFO - "GET /instructor HTTP/1.1" 200 25193
2021-09-12 17:25:16 - INFO - "GET /static/css/style.css HTTP/1.1" 304 0
2021-09-12 17:25:16 - INFO - "GET /static/js/app.js HTTP/1.1" 304 0
2021-09-12 17:25:16 - INFO - "GET /static/js/statistics.js HTTP/1.1" 304 0
2021-09-12 17:25:16 - INFO - "GET /favicon.ico HTTP/1.1" 200 1739
2021-09-12 17:25:16 - INFO - "GET /instructor HTTP/1.1" 200 25191
2021-09-12 17:25:16 - INFO - "GET /favicon.ico HTTP/1.1" 200 1739
2021-09-12 19:25:59 - ERROR - ContainerError in 0 on line 0
2021-09-12 19:26:04 - ERROR - ContainerError in 0 on line 0
2021-09-12 19:26:04 - ERROR - "POST /register HTTP/1.1" 500 974995
2021-09-12 19:26:19 - ERROR - ContainerError in 0 on line 0
2021-09-12 19:26:19 - ERROR - "POST /register HTTP/1.1" 500 974995
2021-09-12 19:39:52 - INFO - "GET /instructor HTTP/1.1" 200 25230
2021-09-12 19:39:52 - INFO - "GET /static/css/style.css HTTP/1.1" 304 0
2021-09-12 19:39:52 - INFO - "GET /static/js/app.js HTTP/1.1" 304 0
2021-09-12 19:39:52 - INFO - "GET /static/js/statistics.js HTTP/1.1" 304 0
2021-09-12 19:39:52 - INFO - "GET /favicon.ico HTTP/1.1" 200 1739
2021-09-12 19:40:59 - ERROR - QueryException in 0 on line 0
2021-09-12 19:40:59 - ERROR - "POST /instructor HTTP/1.1" 500 991641
2021-09-12 19:44:43 - ERROR - AttributeError in 0 on line 0
2021-09-12 19:44:43 - ERROR - "POST /instructor HTTP/1.1" 500 1055245
2021-09-12 19:44:57 - ERROR - QueryException in 0 on line 0
2021-09-12 19:44:57 - ERROR - "POST /instructor HTTP/1.1" 500 991834
2021-09-12 19:54:26 - ERROR - RouteException in 0 on line 0
2021-09-12 19:54:26 - ERROR - "GET /home HTTP/1.1" 500 1031003
2021-09-12 20:02:40 - ERROR - ContainerError in 0 on line 0
2021-09-12 20:02:40 - ERROR - "GET /instructor HTTP/1.1" 500 975000
2021-09-12 20:06:22 - ERROR - ContainerError in 0 on line 0
2021-09-12 20:06:22 - ERROR - "GET /instructor HTTP/1.1" 500 975000
2021-09-12 20:07:06 - ERROR - AttributeError in /home/devjames/Documentos/Projetos/Mansonit-base/fitmiles/app/http/controllers/InstructorController.py on line 27
2021-09-12 20:07:06 - ERROR - "GET /instructor HTTP/1.1" 500 1051958
2021-09-12 20:07:29 - ERROR - ContainerError in 0 on line 0
2021-09-12 20:07:29 - ERROR - "GET /instructor HTTP/1.1" 500 974422
2021-09-12 20:09:17 - ERROR - ContainerError in 0 on line 0
2021-09-12 20:09:17 - ERROR - "GET /instructor HTTP/1.1" 500 974422
2021-09-12 20:11:33 - ERROR - ContainerError in 0 on line 0
2021-09-12 20:11:33 - ERROR - "GET /instructor HTTP/1.1" 500 975000
2021-09-12 20:14:16 - ERROR - ContainerError in 0 on line 0
2021-09-12 20:14:16 - ERROR - "GET /instructor HTTP/1.1" 500 975000
2021-09-12 20:17:00 - ERROR - UndefinedError in /home/devjames/Documentos/Projetos/Mansonit-base/fitmiles/resources/templates/instructor/home.html on line 28
2021-09-12 20:17:00 - ERROR - "GET /instructor HTTP/1.1" 500 1104781
2021-09-12 20:34:45 - INFO - "GET /instructor HTTP/1.1" 200 24809
2021-09-12 20:34:45 - INFO - "GET /static/js/app.js HTTP/1.1" 304 0
2021-09-12 20:34:45 - INFO - "GET /static/css/style.css HTTP/1.1" 304 0
2021-09-12 20:34:45 - INFO - "GET /static/js/statistics.js HTTP/1.1" 304 0
2021-09-12 20:34:45 - INFO - "GET /favicon.ico HTTP/1.1" 200 1739
2021-09-12 20:35:12 - ERROR - ContainerError in 0 on line 0
2021-09-12 20:35:12 - ERROR - "GET /instructor HTTP/1.1" 500 974460
2021-09-12 20:44:32 - ERROR - ContainerError in 0 on line 0
2021-09-12 20:44:32 - ERROR - "GET /instructor HTTP/1.1" 500 974392
2021-09-12 20:45:33 - INFO - "GET /instructor HTTP/1.1" 200 24794
2021-09-12 20:45:33 - INFO - "GET /static/css/style.css HTTP/1.1" 304 0
2021-09-12 20:45:33 - INFO - "GET /static/js/app.js HTTP/1.1" 304 0
2021-09-12 20:45:33 - INFO - "GET /static/js/statistics.js HTTP/1.1" 304 0
2021-09-12 20:45:33 - INFO - "GET /favicon.ico HTTP/1.1" 200 1739
2021-09-12 20:45:33 - INFO - "POST /instructor HTTP/1.1" 302 15
2021-09-12 20:45:33 - INFO - "GET /instructor HTTP/1.1" 200 26355
2021-09-12 20:45:33 - INFO - "GET /static/css/style.css HTTP/1.1" 304 0
2021-09-12 20:45:33 - INFO - "GET /static/js/app.js HTTP/1.1" 304 0
2021-09-12 20:45:33 - INFO - "GET /static/js/statistics.js HTTP/1.1" 304 0
2021-09-12 20:45:33 - INFO - "GET /instructor HTTP/1.1" 200 26389
2021-09-12 20:45:33 - INFO - "GET /static/css/style.css HTTP/1.1" 304 0
2021-09-12 20:45:33 - INFO - "GET /static/js/app.js HTTP/1.1" 304 0
2021-09-12 20:45:33 - INFO - "GET /static/js/statistics.js HTTP/1.1" 304 0
2021-09-12 20:45:33 - INFO - "GET /favicon.ico HTTP/1.1" 200 1739
2021-09-12 20:45:33 - INFO - "GET /instructor HTTP/1.1" 200 26389
2021-09-12 20:45:33 - INFO - "GET /favicon.ico HTTP/1.1" 200 1739
2021-09-14 16:09:56 - INFO - "GET /instructor HTTP/1.1" 200 26389
2021-09-14 16:09:56 - INFO - "GET /static/css/style.css HTTP/1.1" 200 4777832
2021-09-14 16:09:56 - INFO - "GET /static/js/statistics.js HTTP/1.1" 304 0
2021-09-14 16:09:56 - INFO - "GET /static/js/app.js HTTP/1.1" 304 0
2021-09-14 16:09:56 - INFO - "GET /favicon.ico HTTP/1.1" 200 1739
2021-09-14 17:57:59 - INFO - "GET /instructor HTTP/1.1" 200 26645
2021-09-14 17:57:59 - INFO - "GET /static/js/app.js HTTP/1.1" 200 216850
2021-09-14 17:57:59 - INFO - "GET /static/css/style.css HTTP/1.1" 304 0
2021-09-14 17:57:59 - INFO - "GET /static/js/statistics.js HTTP/1.1" 304 0
2021-09-14 17:57:59 - INFO - "GET /favicon.ico HTTP/1.1" 200 1739
2021-09-14 17:57:59 - INFO - "GET /instructor HTTP/1.1" 200 26892
2021-09-14 17:57:59 - INFO - "GET /static/css/style.css HTTP/1.1" 304 0
2021-09-14 17:57:59 - INFO - "GET /static/js/app.js HTTP/1.1" 304 0
2021-09-14 17:57:59 - INFO - "GET /static/js/statistics.js HTTP/1.1" 304 0
2021-09-14 17:57:59 - INFO - "GET /favicon.ico HTTP/1.1" 200 1739
2021-09-14 17:57:59 - INFO - "GET /instructor HTTP/1.1" 200 26902
2021-09-14 17:57:59 - INFO - "GET /static/css/style.css HTTP/1.1" 304 0
2021-09-14 17:57:59 - INFO - "GET /static/js/app.js HTTP/1.1" 304 0
2021-09-14 17:57:59 - INFO - "GET /static/js/statistics.js HTTP/1.1" 304 0
2021-09-14 17:57:59 - INFO - "GET /favicon.ico HTTP/1.1" 200 1739
2021-09-14 17:57:59 - INFO - "GET /instructor HTTP/1.1" 200 26896
2021-09-14 17:57:59 - INFO - "GET /favicon.ico HTTP/1.1" 200 1739
2021-09-14 17:57:59 - INFO - "GET /instructor HTTP/1.1" 200 26896
2021-09-14 17:57:59 - INFO - "GET /static/css/style.css HTTP/1.1" 304 0
2021-09-14 17:57:59 - INFO - "GET /static/js/app.js HTTP/1.1" 304 0
2021-09-14 17:57:59 - INFO - "GET /static/js/statistics.js HTTP/1.1" 304 0
2021-09-14 17:57:59 - INFO - "GET /favicon.ico HTTP/1.1" 200 1739
2021-09-14 17:57:59 - INFO - "GET /instructor HTTP/1.1" 200 26902
2021-09-14 17:57:59 - INFO - "GET /static/css/style.css HTTP/1.1" 304 0
2021-09-14 17:57:59 - INFO - "GET /static/js/app.js HTTP/1.1" 304 0
2021-09-14 17:57:59 - INFO - "GET /static/js/statistics.js HTTP/1.1" 304 0
2021-09-14 17:57:59 - INFO - "GET /favicon.ico HTTP/1.1" 200 1739
2021-09-14 17:57:59 - INFO - "GET /instructor HTTP/1.1" 200 26865
2021-09-14 17:57:59 - INFO - "GET /favicon.ico HTTP/1.1" 200 1739
2021-09-14 17:57:59 - INFO - "GET /instructor HTTP/1.1" 200 26848
2021-09-14 17:57:59 - INFO - "GET /favicon.ico HTTP/1.1" 200 1739
2021-09-14 17:57:59 - INFO - "GET /instructor HTTP/1.1" 200 27004
2021-09-14 17:57:59 - INFO - "GET /static/css/style.css HTTP/1.1" 304 0
2021-09-14 17:57:59 - INFO - "GET /static/js/app.js HTTP/1.1" 304 0
2021-09-14 17:57:59 - INFO - "GET /static/js/statistics.js HTTP/1.1" 304 0
2021-09-14 17:57:59 - INFO - "GET /favicon.ico HTTP/1.1" 200 1739
2021-09-14 17:57:59 - INFO - "GET /instructor HTTP/1.1" 200 27035
2021-09-14 17:57:59 - INFO - "GET /static/css/style.css HTTP/1.1" 304 0
2021-09-14 17:57:59 - INFO - "GET /static/js/app.js HTTP/1.1" 304 0
2021-09-14 17:57:59 - INFO - "GET /static/js/statistics.js HTTP/1.1" 304 0
2021-09-14 17:57:59 - INFO - "GET /favicon.ico HTTP/1.1" 200 1739
2021-09-14 18:26:28 - INFO - "GET /instructor HTTP/1.1" 200 27051
2021-09-14 18:26:28 - INFO - "GET /static/css/style.css HTTP/1.1" 304 0
2021-09-14 18:26:28 - INFO - "GET /static/js/app.js HTTP/1.1" 304 0
2021-09-14 18:26:28 - INFO - "GET /static/js/statistics.js HTTP/1.1" 304 0
2021-09-14 18:26:28 - INFO - "GET /favicon.ico HTTP/1.1" 200 1739
2021-09-14 18:26:28 - INFO - "GET /instructor/create HTTP/1.1" 200 2096
2021-09-14 18:26:28 - INFO - "GET /instructor HTTP/1.1" 200 27051
2021-09-14 18:26:28 - INFO - "GET /favicon.ico HTTP/1.1" 200 1739
2021-09-14 18:26:28 - INFO - "GET /instructor/create HTTP/1.1" 200 2096
2021-09-14 18:26:28 - INFO - "GET /instructor HTTP/1.1" 200 27051
2021-09-14 18:26:28 - INFO - "GET /favicon.ico HTTP/1.1" 200 1739
2021-09-14 18:26:28 - INFO - "GET /instructor/create HTTP/1.1" 200 2096
2021-09-14 18:26:28 - INFO - "GET /instructor HTTP/1.1" 200 27051
2021-09-14 18:26:28 - INFO - "GET /static/css/style.css HTTP/1.1" 304 0
2021-09-14 18:26:28 - INFO - "GET /static/js/app.js HTTP/1.1" 304 0
2021-09-14 18:26:28 - INFO - "GET /static/js/statistics.js HTTP/1.1" 304 0
2021-09-14 18:26:28 - INFO - "GET /favicon.ico HTTP/1.1" 200 1739
2021-09-14 18:26:28 - INFO - "GET /instructor/create HTTP/1.1" 200 2065
2021-09-14 18:26:28 - INFO - "GET /instructor HTTP/1.1" 200 27036
2021-09-14 18:26:28 - INFO - "GET /static/css/style.css HTTP/1.1" 304 0
2021-09-14 18:26:28 - INFO - "GET /static/js/app.js HTTP/1.1" 304 0
2021-09-14 18:26:28 - INFO - "GET /static/js/statistics.js HTTP/1.1" 304 0
2021-09-14 18:26:28 - INFO - "GET /favicon.ico HTTP/1.1" 200 1739
2021-09-14 18:26:28 - INFO - "GET /instructor/create HTTP/1.1" 200 2065
2021-09-14 18:26:28 - INFO - "GET /instructor HTTP/1.1" 200 27036
2021-09-14 18:26:28 - INFO - "GET /static/css/style.css HTTP/1.1" 304 0
2021-09-14 18:26:28 - INFO - "GET /static/js/app.js HTTP/1.1" 304 0
2021-09-14 18:26:28 - INFO - "GET /static/js/statistics.js HTTP/1.1" 304 0
2021-09-14 18:26:28 - INFO - "GET /favicon.ico HTTP/1.1" 200 1739
2021-09-14 18:26:28 - INFO - "GET /instructor HTTP/1.1" 200 27027
2021-09-14 18:26:28 - INFO - "GET /static/css/style.css HTTP/1.1" 304 0
2021-09-14 18:26:28 - INFO - "GET /static/js/app.js HTTP/1.1" 304 0
2021-09-14 18:26:28 - INFO - "GET /static/js/statistics.js HTTP/1.1" 304 0
2021-09-14 18:26:28 - INFO - "GET /favicon.ico HTTP/1.1" 200 1739
2021-09-14 18:26:28 - INFO - "GET /instructor/create HTTP/1.1" 200 2065
2021-09-14 18:26:28 - INFO - "GET /instructor HTTP/1.1" 200 27026
2021-09-14 18:26:28 - INFO - "GET /favicon.ico HTTP/1.1" 200 1739
2021-09-14 18:26:28 - INFO - "GET /instructor/create HTTP/1.1" 200 2065
2021-09-14 18:26:28 - INFO - "GET /instructor HTTP/1.1" 200 24952
2021-09-14 18:26:28 - INFO - "GET /static/css/style.css HTTP/1.1" 304 0
2021-09-14 18:26:28 - INFO - "GET /static/js/statistics.js HTTP/1.1" 304 0
2021-09-14 18:26:28 - INFO - "GET /static/js/app.js HTTP/1.1" 304 0
2021-09-14 18:26:28 - INFO - "GET /favicon.ico HTTP/1.1" 200 1739
2021-09-14 18:26:28 - INFO - "GET /instructor/create HTTP/1.1" 200 2051
2021-09-14 18:26:28 - INFO - "GET /instructor HTTP/1.1" 200 24958
2021-09-14 18:26:28 - INFO - "GET /favicon.ico HTTP/1.1" 200 1739
2021-09-14 18:26:28 - INFO - "GET /instructor/create HTTP/1.1" 200 2051
2021-09-14 18:26:28 - INFO - "GET /instructor HTTP/1.1" 200 24958
2021-09-14 18:26:28 - INFO - "GET /static/css/style.css HTTP/1.1" 304 0
2021-09-14 18:26:28 - INFO - "GET /static/js/app.js HTTP/1.1" 304 0
2021-09-14 18:26:28 - INFO - "GET /static/js/statistics.js HTTP/1.1" 304 0
2021-09-14 18:26:28 - INFO - "GET /favicon.ico HTTP/1.1" 200 1739
2021-09-14 18:26:28 - INFO - "GET /instructor HTTP/1.1" 200 24753
2021-09-14 18:26:28 - INFO - "GET /static/css/style.css HTTP/1.1" 304 0
2021-09-14 18:26:28 - INFO - "GET /static/js/app.js HTTP/1.1" 304 0
2021-09-14 18:26:28 - INFO - "GET /static/js/statistics.js HTTP/1.1" 304 0
2021-09-14 18:26:28 - INFO - "GET /favicon.ico HTTP/1.1" 200 1739
2021-09-14 18:26:28 - INFO - "GET /instructor HTTP/1.1" 200 24691
2021-09-14 18:26:28 - INFO - "GET /favicon.ico HTTP/1.1" 200 1739
2021-09-14 18:26:28 - INFO - "GET /instructor/create HTTP/1.1" 200 2051
2021-09-14 18:26:28 - INFO - "GET /instructor HTTP/1.1" 200 24697
2021-09-14 18:26:28 - INFO - "GET /favicon.ico HTTP/1.1" 200 1739
2021-09-14 18:26:28 - INFO - "GET /instructor/create HTTP/1.1" 200 2051
2021-09-14 18:26:28 - INFO - "GET /instructor HTTP/1.1" 200 24712
2021-09-14 18:26:28 - INFO - "GET /static/css/style.css HTTP/1.1" 304 0
2021-09-14 18:26:28 - INFO - "GET /static/js/app.js HTTP/1.1" 304 0
2021-09-14 18:26:28 - INFO - "GET /static/js/statistics.js HTTP/1.1" 304 0
2021-09-14 18:26:28 - INFO - "GET /favicon.ico HTTP/1.1" 200 1739
2021-09-14 18:26:28 - INFO - "GET /instructor/create HTTP/1.1" 200 2051
2021-09-14 18:26:28 - INFO - "GET /instructor HTTP/1.1" 200 24712
2021-09-14 18:26:28 - INFO - "GET /static/css/style.css HTTP/1.1" 304 0
2021-09-14 18:26:28 - INFO - "GET /static/js/app.js HTTP/1.1" 304 0
2021-09-14 18:26:28 - INFO - "GET /static/js/statistics.js HTTP/1.1" 304 0
2021-09-14 18:26:28 - INFO - "GET /favicon.ico HTTP/1.1" 200 1739
2021-09-14 18:26:28 - INFO - "GET /instructor/create HTTP/1.1" 200 2060
2021-09-14 18:26:28 - INFO - "GET /instructor HTTP/1.1" 200 24712
2021-09-14 18:26:28 - INFO - "GET /instructor/create HTTP/1.1" 200 2060
2021-09-14 18:26:28 - INFO - "GET /instructor HTTP/1.1" 200 24712
2021-09-14 18:26:28 - INFO - "GET /instructor HTTP/1.1" 200 24712
2021-09-14 18:26:28 - INFO - "GET /favicon.ico HTTP/1.1" 200 1739
2021-09-14 18:57:41 - ERROR - UndefinedError in 0 on line 0
2021-09-14 18:57:41 - ERROR - "GET /instructor HTTP/1.1" 500 1114145
2021-09-14 18:58:36 - ERROR - UndefinedError in /home/devjames/Documentos/Projetos/Mansonit-base/fitmiles/resources/templates/components/user_list.html on line 2
2021-09-14 18:58:36 - ERROR - "GET /instructor HTTP/1.1" 500 1111347
2021-09-14 18:58:36 - ERROR - "GET /instructor HTTP/1.1" 500 59
2021-09-14 19:51:21 - ERROR - UndefinedError in 0 on line 0
2021-09-14 19:51:21 - ERROR - "GET /instructor HTTP/1.1" 500 1111019
2021-09-14 19:53:12 - ERROR - ResponseError in 0 on line 0
2021-09-14 19:54:04 - INFO - "GET /instructor/2/update HTTP/1.1" 200 2034
2021-09-14 19:54:04 - INFO - "GET /favicon.ico HTTP/1.1" 200 1739
2021-09-14 19:54:04 - INFO - "GET /instructor/2/update HTTP/1.1" 200 2034
2021-09-14 19:54:04 - INFO - "GET /favicon.ico HTTP/1.1" 200 1739
2021-09-14 19:54:04 - INFO - "GET /instructor/2/update HTTP/1.1" 200 2036
2021-09-14 19:54:04 - INFO - "GET /favicon.ico HTTP/1.1" 200 1739
2021-09-14 19:54:04 - INFO - "GET /instructor/2/update HTTP/1.1" 200 2036
2021-09-14 19:54:04 - INFO - "GET /favicon.ico HTTP/1.1" 200 1739
2021-09-14 19:54:04 - INFO - "GET /instructor/2/update HTTP/1.1" 200 2036
2021-09-14 19:58:16 - INFO - "GET /instructor/2/update HTTP/1.1" 200 2132
2021-09-14 19:58:16 - INFO - "GET /favicon.ico HTTP/1.1" 200 1739
2021-09-14 19:58:16 - INFO - "GET /instructor/2/update HTTP/1.1" 200 2134
2021-09-14 19:58:16 - INFO - "GET /favicon.ico HTTP/1.1" 200 1739
2021-09-14 19:58:16 - INFO - "GET /instructor/2/update HTTP/1.1" 200 2123
2021-09-14 19:58:16 - INFO - "GET /favicon.ico HTTP/1.1" 200 1739
2021-09-14 19:58:16 - INFO - "GET /instructor/2/update HTTP/1.1" 200 2123
2021-09-14 19:58:16 - INFO - "GET /favicon.ico HTTP/1.1" 200 1739
2021-09-14 19:58:16 - INFO - "GET /instructor/2/update HTTP/1.1" 200 21875
2021-09-14 19:58:16 - INFO - "GET /static/css/style.css HTTP/1.1" 304 0
2021-09-14 19:58:16 - INFO - "GET /static/js/app.js HTTP/1.1" 304 0
2021-09-14 19:58:16 - INFO - "GET /static/js/statistics.js HTTP/1.1" 304 0
2021-09-14 19:58:16 - INFO - "GET /favicon.ico HTTP/1.1" 200 1739
2021-09-14 19:58:16 - WARNING - "POST /instructor/update HTTP/1.1" 404 1536
2021-09-14 19:58:16 - INFO - "GET /instructor/2/update HTTP/1.1" 200 21877
2021-09-14 19:58:16 - INFO - "GET /static/css/style.css HTTP/1.1" 304 0
2021-09-14 19:58:16 - INFO - "GET /static/js/app.js HTTP/1.1" 304 0
2021-09-14 19:58:16 - INFO - "GET /static/js/statistics.js HTTP/1.1" 304 0
2021-09-14 19:58:16 - INFO - "GET /favicon.ico HTTP/1.1" 200 1739
2021-09-14 19:58:16 - INFO - "POST /instructor/2/update HTTP/1.1" 200 18
2021-09-14 19:58:16 - INFO - "GET /instructor/2/update HTTP/1.1" 200 21877
2021-09-14 19:58:16 - INFO - "GET /favicon.ico HTTP/1.1" 200 1739
2021-09-14 19:58:16 - INFO - "GET /instructor HTTP/1.1" 200 24800
2021-09-14 19:58:16 - INFO - "GET /instructor HTTP/1.1" 200 25044
2021-09-14 19:58:16 - INFO - "GET /static/css/style.css HTTP/1.1" 304 0
2021-09-14 19:58:16 - INFO - "GET /static/js/app.js HTTP/1.1" 304 0
2021-09-14 19:58:16 - INFO - "GET /static/js/statistics.js HTTP/1.1" 304 0
2021-09-14 19:58:16 - INFO - "GET /favicon.ico HTTP/1.1" 200 1739
2021-09-14 19:58:16 - INFO - "GET /instructor HTTP/1.1" 200 25074
2021-09-14 19:58:16 - INFO - "GET /favicon.ico HTTP/1.1" 200 1739
2021-09-14 19:58:16 - INFO - "GET /instructor HTTP/1.1" 200 25086
2021-09-14 19:58:16 - INFO - "GET /favicon.ico HTTP/1.1" 200 1739
2021-09-14 19:58:16 - INFO - "GET /instructor HTTP/1.1" 200 25062
2021-09-14 19:58:16 - INFO - "GET /static/css/style.css HTTP/1.1" 304 0
2021-09-14 19:58:16 - INFO - "GET /static/js/app.js HTTP/1.1" 304 0
2021-09-14 19:58:16 - INFO - "GET /static/js/statistics.js HTTP/1.1" 304 0
2021-09-14 19:58:16 - INFO - "GET /favicon.ico HTTP/1.1" 200 1739
2021-09-14 19:58:16 - INFO - "GET /instructor/1/update HTTP/1.1" 200 21861
2021-09-14 19:58:16 - INFO - "GET /instructor/1/update HTTP/1.1" 200 21861
2021-09-14 19:58:16 - INFO - "GET /instructor/1/update HTTP/1.1" 200 21863
2021-09-14 19:58:16 - INFO - "GET /favicon.ico HTTP/1.1" 200 1739
2021-09-14 19:58:16 - INFO - "GET /instructor/1/update HTTP/1.1" 200 21854
2021-09-14 19:58:16 - INFO - "GET /static/css/style.css HTTP/1.1" 304 0
2021-09-14 19:58:16 - INFO - "GET /static/js/app.js HTTP/1.1" 304 0
2021-09-14 19:58:16 - INFO - "GET /static/js/statistics.js HTTP/1.1" 304 0
2021-09-14 19:58:16 - INFO - "GET /favicon.ico HTTP/1.1" 200 1739
2021-09-14 19:58:16 - INFO - "GET /instructor/1/update HTTP/1.1" 200 21848
2021-09-14 19:58:16 - INFO - "GET /favicon.ico HTTP/1.1" 200 1739
2021-09-14 19:58:16 - INFO - "GET /instructor/1/update HTTP/1.1" 200 2096
2021-09-14 19:58:16 - INFO - "GET /favicon.ico HTTP/1.1" 200 1739
2021-09-14 19:58:16 - INFO - "GET /instructor HTTP/1.1" 200 25078
2021-09-14 19:58:16 - INFO - "GET /instructor/1/update HTTP/1.1" 200 2096
2021-09-14 19:58:16 - INFO - "GET /instructor HTTP/1.1" 200 24997
2021-09-14 19:58:16 - INFO - "GET /static/css/style.css HTTP/1.1" 304 0
2021-09-14 19:58:16 - INFO - "GET /static/js/app.js HTTP/1.1" 304 0
2021-09-14 19:58:16 - INFO - "GET /static/js/statistics.js HTTP/1.1" 304 0
2021-09-14 19:58:16 - INFO - "GET /favicon.ico HTTP/1.1" 200 1739
2021-09-14 19:58:16 - INFO - "GET /instructor/create HTTP/1.1" 200 2060
2021-09-14 19:58:16 - INFO - "GET /instructor HTTP/1.1" 200 24997
2021-09-14 19:58:16 - INFO - "GET /static/css/style.css HTTP/1.1" 304 0
2021-09-14 19:58:16 - INFO - "GET /static/js/app.js HTTP/1.1" 304 0
2021-09-14 19:58:16 - INFO - "GET /static/js/statistics.js HTTP/1.1" 304 0
2021-09-14 19:58:16 - INFO - "GET /favicon.ico HTTP/1.1" 200 1739
2021-09-14 19:58:16 - INFO - "GET /instructor HTTP/1.1" 200 24974
2021-09-14 19:58:16 - INFO - "GET /static/css/style.css HTTP/1.1" 304 0
2021-09-14 19:58:16 - INFO - "GET /static/js/app.js HTTP/1.1" 304 0
2021-09-14 19:58:16 - INFO - "GET /static/js/statistics.js HTTP/1.1" 304 0
2021-09-14 19:58:16 - INFO - "GET /favicon.ico HTTP/1.1" 200 1739
2021-09-14 19:58:16 - INFO - "GET /instructor/1/update HTTP/1.1" 200 21850
2021-09-14 19:58:16 - INFO - "GET /instructor/create HTTP/1.1" 200 2060
2021-09-14 19:58:16 - INFO - "GET /instructor/1/update HTTP/1.1" 200 21850
2021-09-14 19:58:16 - INFO - "GET /instructor/2/update HTTP/1.1" 200 21866
2021-09-14 19:58:16 - INFO - "POST /instructor/2/update HTTP/1.1" 200 18
2021-09-14 19:58:16 - INFO - "GET /instructor/create HTTP/1.1" 200 2060
2021-09-14 19:58:16 - INFO - "GET /instructor/1/update HTTP/1.1" 200 21850
2021-09-14 19:58:16 - INFO - "GET /static/css/style.css HTTP/1.1" 304 0
2021-09-14 19:58:16 - INFO - "GET /static/js/app.js HTTP/1.1" 304 0
2021-09-14 19:58:16 - INFO - "GET /static/js/statistics.js HTTP/1.1" 304 0
2021-09-14 19:58:16 - INFO - "GET /instructor/create HTTP/1.1" 200 21812
2021-09-14 19:58:16 - INFO - "GET /favicon.ico HTTP/1.1" 200 1739
2021-09-14 19:58:16 - INFO - "GET /instructor HTTP/1.1" 200 24974
2021-09-14 19:58:16 - INFO - "GET /static/js/app.js HTTP/1.1" 304 0
2021-09-14 19:58:16 - INFO - "GET /static/js/statistics.js HTTP/1.1" 304 0
2021-09-14 19:58:16 - INFO - "GET /favicon.ico HTTP/1.1" 200 1739
2021-09-14 22:01:24 - INFO - "GET /instructor HTTP/1.1" 200 24960
2021-09-14 22:01:24 - INFO - "GET /static/js/statistics.js HTTP/1.1" 304 0
2021-09-14 22:01:24 - INFO - "GET /static/css/style.css HTTP/1.1" 304 0
2021-09-14 22:01:24 - INFO - "GET /static/js/app.js HTTP/1.1" 304 0
2021-09-14 22:01:24 - INFO - "GET /favicon.ico HTTP/1.1" 200 1739
2021-09-14 22:01:24 - INFO - "GET /instructor/1 HTTP/1.1" 200 22328
2021-09-14 22:01:24 - INFO - "GET /instructor HTTP/1.1" 200 24960
2021-09-14 22:01:24 - INFO - "GET /favicon.ico HTTP/1.1" 200 1739
2021-09-14 22:01:24 - INFO - "GET /instructor/1 HTTP/1.1" 200 22336
2021-09-14 22:01:24 - INFO - "GET /instructor HTTP/1.1" 200 24960
2021-09-14 22:01:24 - INFO - "GET /instructor HTTP/1.1" 200 24960
2021-09-14 22:01:24 - INFO - "GET /static/css/style.css HTTP/1.1" 304 0
2021-09-14 22:01:24 - INFO - "GET /static/js/app.js HTTP/1.1" 304 0
2021-09-14 22:01:24 - INFO - "GET /static/js/statistics.js HTTP/1.1" 304 0
2021-09-14 22:01:24 - INFO - "GET /favicon.ico HTTP/1.1" 200 1739
2021-09-14 22:01:24 - INFO - "GET /instructor/1 HTTP/1.1" 200 22333
2021-09-14 22:01:24 - INFO - "GET /instructor HTTP/1.1" 200 24960
2021-09-14 22:01:24 - INFO - "GET /static/css/style.css HTTP/1.1" 304 0
2021-09-14 22:01:24 - INFO - "GET /static/js/app.js HTTP/1.1" 304 0
2021-09-14 22:01:24 - INFO - "GET /static/js/statistics.js HTTP/1.1" 304 0
2021-09-14 22:01:24 - INFO - "GET /favicon.ico HTTP/1.1" 200 1739
2021-09-14 22:01:24 - INFO - "GET /instructor/1 HTTP/1.1" 200 22870
2021-09-14 22:01:24 - INFO - "GET /instructor HTTP/1.1" 200 24960
2021-09-14 22:01:24 - INFO - "GET /favicon.ico HTTP/1.1" 200 1739
2021-09-14 22:01:24 - INFO - "GET /instructor/1 HTTP/1.1" 200 22905
2021-09-14 22:01:24 - INFO - "GET /instructor HTTP/1.1" 200 24960
2021-09-14 22:01:24 - INFO - "GET /static/css/style.css HTTP/1.1" 304 0
2021-09-14 22:01:24 - INFO - "GET /static/js/statistics.js HTTP/1.1" 304 0
2021-09-14 22:01:24 - INFO - "GET /static/js/app.js HTTP/1.1" 304 0
2021-09-14 22:01:24 - INFO - "GET /favicon.ico HTTP/1.1" 200 1739
2021-09-14 22:01:24 - INFO - "GET /instructor/1 HTTP/1.1" 200 22891
2021-09-14 22:01:24 - INFO - "GET /instructor HTTP/1.1" 200 24960
2021-09-14 22:01:24 - INFO - "GET /favicon.ico HTTP/1.1" 200 1739
2021-09-14 22:01:24 - INFO - "GET /instructor/1 HTTP/1.1" 200 22835
2021-09-14 22:01:24 - INFO - "GET /instructor HTTP/1.1" 200 24960
2021-09-14 22:01:24 - INFO - "GET /favicon.ico HTTP/1.1" 200 1739
2021-09-14 22:01:24 - INFO - "GET /instructor/1 HTTP/1.1" 200 22863
2021-09-14 22:01:24 - INFO - "GET /instructor/1 HTTP/1.1" 200 22954
2021-09-14 22:01:24 - INFO - "GET /instructor/2 HTTP/1.1" 200 22970
2021-09-14 22:01:24 - INFO - "GET /instructor/1 HTTP/1.1" 200 22954
2021-09-14 22:01:24 - INFO - "GET /instructor/2 HTTP/1.1" 200 22970
2021-09-14 22:01:24 - INFO - "GET /instructor HTTP/1.1" 200 24960
2021-09-14 22:01:24 - INFO - "GET /static/css/style.css HTTP/1.1" 304 0
2021-09-14 22:01:24 - INFO - "GET /static/js/statistics.js HTTP/1.1" 304 0
2021-09-14 22:01:24 - INFO - "GET /static/js/app.js HTTP/1.1" 304 0
2021-09-14 22:01:24 - INFO - "GET /favicon.ico HTTP/1.1" 200 1739
2021-09-14 22:01:24 - INFO - "GET /instructor/1 HTTP/1.1" 200 22954
2021-09-14 22:01:24 - INFO - "GET /instructor/2 HTTP/1.1" 200 22970
2021-09-14 22:01:24 - INFO - "GET /instructor/1 HTTP/1.1" 200 22954
2021-09-14 22:01:24 - WARNING - "GET /instructor/1/edit HTTP/1.1" 404 1536
2021-09-14 22:01:24 - WARNING - "GET /instructor/1/edit HTTP/1.1" 404 1536
2021-09-14 22:01:24 - INFO - "GET /instructor/1 HTTP/1.1" 200 22956
2021-09-14 22:01:24 - INFO - "GET /instructor/2 HTTP/1.1" 200 22972
2021-09-14 22:01:24 - INFO - "GET /instructor/2/update HTTP/1.1" 200 21866
2021-09-14 22:01:24 - INFO - "GET /instructor HTTP/1.1" 200 24960
2021-09-14 22:01:24 - INFO - "GET /instructor HTTP/1.1" 200 24960
2021-09-14 22:01:24 - INFO - "GET /static/css/style.css HTTP/1.1" 304 0
2021-09-14 22:01:24 - INFO - "GET /static/js/app.js HTTP/1.1" 304 0
2021-09-14 22:01:24 - INFO - "GET /static/js/statistics.js HTTP/1.1" 304 0
2021-09-14 22:01:24 - INFO - "GET /favicon.ico HTTP/1.1" 200 1739
2021-09-14 22:01:24 - INFO - "GET /instructor HTTP/1.1" 200 24990
2021-09-14 22:01:24 - INFO - "GET /static/js/statistics.js HTTP/1.1" 304 0
2021-09-14 22:01:24 - INFO - "GET /static/css/style.css HTTP/1.1" 304 0
2021-09-14 22:01:24 - INFO - "GET /static/js/app.js HTTP/1.1" 304 0
2021-09-14 22:01:24 - INFO - "GET /favicon.ico HTTP/1.1" 200 1739
2021-09-14 22:01:24 - INFO - "GET /instructor HTTP/1.1" 200 25022
2021-09-14 22:01:24 - INFO - "GET /favicon.ico HTTP/1.1" 200 1739
2021-09-14 22:01:24 - INFO - "GET /instructor HTTP/1.1" 200 25011
2021-09-14 22:01:24 - INFO - "GET /static/css/style.css HTTP/1.1" 304 0
2021-09-14 22:01:24 - INFO - "GET /static/js/app.js HTTP/1.1" 304 0
2021-09-14 22:01:24 - INFO - "GET /static/js/statistics.js HTTP/1.1" 304 0
2021-09-14 22:01:24 - INFO - "GET /favicon.ico HTTP/1.1" 200 1739
2021-09-14 22:01:24 - INFO - "GET /instructor HTTP/1.1" 200 25011
2021-09-14 22:01:24 - INFO - "GET /favicon.ico HTTP/1.1" 200 1739
2021-09-14 22:01:24 - INFO - "GET /instructor HTTP/1.1" 200 25011
2021-09-14 22:01:24 - INFO - "GET /static/css/style.css HTTP/1.1" 304 0
2021-09-14 22:01:24 - INFO - "GET /static/js/app.js HTTP/1.1" 304 0
2021-09-14 22:01:24 - INFO - "GET /static/js/statistics.js HTTP/1.1" 304 0
2021-09-14 22:01:24 - INFO - "GET /favicon.ico HTTP/1.1" 200 1739
2021-09-14 22:41:56 - ERROR - TemplateSyntaxError in /home/devjames/Documentos/Projetos/Mansonit-base/fitmiles/resources/templates/layout/drawer.html on line 1
2021-09-14 22:41:56 - ERROR - "GET /instructor HTTP/1.1" 500 1041719
2021-09-14 22:42:50 - ERROR - TemplateSyntaxError in /home/devjames/Documentos/Projetos/Mansonit-base/fitmiles/resources/templates/layout/drawer.html on line 1
2021-09-14 22:42:50 - ERROR - "GET /instructor HTTP/1.1" 500 1041728
2021-09-14 22:44:04 - ERROR - TemplateSyntaxError in /home/devjames/Documentos/Projetos/Mansonit-base/fitmiles/resources/templates/layout/drawer.html on line 1
2021-09-14 22:44:04 - ERROR - "GET /instructor HTTP/1.1" 500 1041598
2021-09-14 22:44:13 - ERROR - TemplateSyntaxError in /home/devjames/Documentos/Projetos/Mansonit-base/fitmiles/resources/templates/layout/drawer.html on line 1
2021-09-14 22:44:13 - ERROR - "GET /instructor HTTP/1.1" 500 1041728
2021-09-14 22:45:06 - ERROR - UndefinedError in /home/devjames/Documentos/Projetos/Mansonit-base/fitmiles/resources/templates/components/navbar-link.html on line 3
2021-09-14 22:45:06 - ERROR - "GET /instructor HTTP/1.1" 500 1111799
2021-09-14 22:47:37 - ERROR - UndefinedError in 0 on line 0
2021-09-14 22:47:37 - ERROR - "GET /instructor HTTP/1.1" 500 1107478
2021-09-14 22:53:09 - ERROR - TemplateSyntaxError in /home/devjames/Documentos/Projetos/Mansonit-base/fitmiles/resources/templates/layout/drawer.html on line 30
2021-09-14 22:53:09 - ERROR - "GET /instructor HTTP/1.1" 500 1097859
2021-09-14 23:03:07 - ERROR - TemplateSyntaxError in /home/devjames/Documentos/Projetos/Mansonit-base/fitmiles/resources/templates/components/navbar-link.html on line 1
2021-09-14 23:03:07 - ERROR - "GET /instructor HTTP/1.1" 500 1049350
2021-09-14 23:11:17 - ERROR - UndefinedError in /home/devjames/Documentos/Projetos/Mansonit-base/fitmiles/resources/templates/components/navbar-link.html on line 3
2021-09-14 23:11:17 - ERROR - "GET / HTTP/1.1" 500 1061181
2021-09-14 23:17:12 - ERROR - UndefinedError in /home/devjames/Documentos/Projetos/Mansonit-base/fitmiles/resources/templates/layout/drawer.html on line 44
2021-09-14 23:17:12 - ERROR - "GET / HTTP/1.1" 500 1100912
2021-09-14 23:31:02 - INFO - "GET /instructor HTTP/1.1" 200 25765
2021-09-14 23:31:02 - INFO - "GET /static/css/style.css HTTP/1.1" 304 0
2021-09-14 23:31:02 - INFO - "GET /static/js/app.js HTTP/1.1" 304 0
2021-09-14 23:31:02 - INFO - "GET /static/js/statistics.js HTTP/1.1" 304 0
2021-09-14 23:31:02 - INFO - "GET /favicon.ico HTTP/1.1" 200 1739
2021-09-14 23:38:26 - INFO - "GET /instructor HTTP/1.1" 200 25765
2021-09-14 23:38:26 - INFO - "GET /static/js/statistics.js HTTP/1.1" 304 0
2021-09-14 23:38:26 - INFO - "GET /static/css/style.css HTTP/1.1" 304 0
2021-09-14 23:38:26 - INFO - "GET /static/js/app.js HTTP/1.1" 304 0
2021-09-14 23:38:26 - INFO - "GET /favicon.ico HTTP/1.1" 200 1739
2021-09-14 23:38:26 - INFO - "GET /instructor/1 HTTP/1.1" 200 23711
2021-09-14 23:38:26 - INFO - "GET /instructor/1/update HTTP/1.1" 200 22605
2021-09-14 23:38:26 - INFO - "POST /instructor/1/update HTTP/1.1" 302 15
2021-09-14 23:38:26 - INFO - "GET /instructor/1 HTTP/1.1" 200 23717
2021-09-14 23:38:26 - INFO - "GET /instructor HTTP/1.1" 200 25771
2021-09-14 23:38:26 - INFO - "GET /favicon.ico HTTP/1.1" 200 1739
2021-09-15 13:06:58 - INFO - "GET /instructor HTTP/1.1" 200 25771
2021-09-15 13:06:58 - INFO - "GET /static/js/statistics.js HTTP/1.1" 304 0
2021-09-15 13:06:58 - INFO - "GET /static/css/style.css HTTP/1.1" 200 4777832
2021-09-15 13:06:58 - INFO - "GET /static/js/app.js HTTP/1.1" 304 0
2021-09-15 13:06:58 - INFO - "GET /favicon.ico HTTP/1.1" 200 1739
2021-09-15 13:06:58 - INFO - "GET /instructor HTTP/1.1" 200 25771
2021-09-15 13:06:58 - INFO - "GET /static/js/statistics.js HTTP/1.1" 304 0
2021-09-15 13:06:58 - INFO - "GET /static/css/style.css HTTP/1.1" 304 0
2021-09-15 13:06:58 - INFO - "GET /static/js/app.js HTTP/1.1" 304 0
2021-09-15 13:06:58 - INFO - "GET /favicon.ico HTTP/1.1" 200 1739
2021-09-15 13:06:58 - INFO - "GET /instructor/2 HTTP/1.1" 200 24679
2021-09-15 13:06:58 - INFO - "GET /instructor HTTP/1.1" 200 25771
2021-09-15 13:06:58 - INFO - "GET /favicon.ico HTTP/1.1" 200 1739
2021-09-15 13:06:58 - INFO - "GET /instructor/2 HTTP/1.1" 200 24134
2021-09-15 13:06:58 - INFO - "GET /instructor HTTP/1.1" 200 25771
2021-09-15 13:06:58 - INFO - "GET /favicon.ico HTTP/1.1" 200 1739
2021-09-15 13:06:58 - INFO - "GET /instructor/2 HTTP/1.1" 200 24148
2021-09-15 13:06:58 - INFO - "GET /instructor HTTP/1.1" 200 25771
2021-09-15 13:06:58 - INFO - "GET /static/css/style.css HTTP/1.1" 304 0
2021-09-15 13:06:58 - INFO - "GET /static/js/app.js HTTP/1.1" 304 0
2021-09-15 13:06:58 - INFO - "GET /static/js/statistics.js HTTP/1.1" 304 0
2021-09-15 13:06:58 - INFO - "GET /favicon.ico HTTP/1.1" 200 1739
2021-09-15 13:06:58 - INFO - "GET /instructor/2 HTTP/1.1" 200 24147
2021-09-15 13:06:58 - INFO - "GET /instructor HTTP/1.1" 200 25771
2021-09-15 13:06:58 - INFO - "GET /favicon.ico HTTP/1.1" 200 1739
2021-09-15 13:06:58 - INFO - "GET /instructor/2 HTTP/1.1" 200 24148
2021-09-15 13:06:58 - INFO - "GET /instructor HTTP/1.1" 200 25771
2021-09-15 13:06:58 - INFO - "GET /static/css/style.css HTTP/1.1" 304 0
2021-09-15 13:06:58 - INFO - "GET /static/js/app.js HTTP/1.1" 304 0
2021-09-15 13:06:58 - INFO - "GET /static/js/statistics.js HTTP/1.1" 304 0
2021-09-15 13:06:58 - INFO - "GET /favicon.ico HTTP/1.1" 200 1739
2021-09-15 13:06:58 - INFO - "GET /instructor/2 HTTP/1.1" 200 24103
2021-09-15 13:06:58 - INFO - "GET /instructor HTTP/1.1" 200 25771
2021-09-15 13:06:58 - INFO - "GET /favicon.ico HTTP/1.1" 200 1739
2021-09-15 13:06:58 - INFO - "GET /instructor/2 HTTP/1.1" 200 24136
2021-09-15 13:06:58 - INFO - "GET /instructor HTTP/1.1" 200 25771
2021-09-15 13:06:58 - INFO - "GET /favicon.ico HTTP/1.1" 200 1739
2021-09-15 13:06:58 - INFO - "GET /instructor/2 HTTP/1.1" 200 24151
2021-09-15 13:06:58 - INFO - "GET /instructor HTTP/1.1" 200 25771
2021-09-15 13:06:58 - INFO - "GET /favicon.ico HTTP/1.1" 200 1739
2021-09-15 13:06:58 - INFO - "GET /instructor/2 HTTP/1.1" 200 24186
2021-09-15 13:06:58 - INFO - "GET /instructor HTTP/1.1" 200 25771
2021-09-15 13:06:58 - INFO - "GET /static/css/style.css HTTP/1.1" 304 0
2021-09-15 13:06:58 - INFO - "GET /static/js/app.js HTTP/1.1" 304 0
2021-09-15 13:06:58 - INFO - "GET /static/js/statistics.js HTTP/1.1" 304 0
2021-09-15 13:06:58 - INFO - "GET /favicon.ico HTTP/1.1" 200 1739
2021-09-15 13:06:58 - INFO - "GET /instructor/2 HTTP/1.1" 200 24192
2021-09-15 13:06:58 - INFO - "GET /instructor HTTP/1.1" 200 25771
2021-09-15 13:06:58 - INFO - "GET /static/css/style.css HTTP/1.1" 304 0
2021-09-15 13:06:58 - INFO - "GET /static/js/app.js HTTP/1.1" 304 0
2021-09-15 13:06:58 - INFO - "GET /static/js/statistics.js HTTP/1.1" 304 0
2021-09-15 13:06:58 - INFO - "GET /favicon.ico HTTP/1.1" 200 1739
2021-09-15 13:06:58 - INFO - "GET /instructor/2 HTTP/1.1" 200 24179
2021-09-15 13:06:58 - INFO - "GET /instructor HTTP/1.1" 200 25771
2021-09-15 13:06:58 - INFO - "GET /favicon.ico HTTP/1.1" 200 1739
2021-09-15 13:06:58 - INFO - "GET /instructor/2 HTTP/1.1" 200 24186
2021-09-15 13:06:58 - INFO - "GET /instructor HTTP/1.1" 200 25771
2021-09-15 13:06:58 - INFO - "GET /favicon.ico HTTP/1.1" 200 1739
2021-09-15 13:06:58 - INFO - "GET /instructor/2 HTTP/1.1" 200 24155
2021-09-15 13:06:58 - INFO - "GET /instructor HTTP/1.1" 200 25771
2021-09-15 13:06:58 - INFO - "GET /static/css/style.css HTTP/1.1" 304 0
2021-09-15 13:06:58 - INFO - "GET /static/js/app.js HTTP/1.1" 304 0
2021-09-15 13:06:58 - INFO - "GET /static/js/statistics.js HTTP/1.1" 304 0
2021-09-15 13:06:58 - INFO - "GET /favicon.ico HTTP/1.1" 200 1739
2021-09-15 13:06:58 - INFO - "GET /instructor/2 HTTP/1.1" 200 24195
2021-09-15 13:06:58 - INFO - "GET /instructor HTTP/1.1" 200 25771
2021-09-15 13:06:58 - INFO - "GET /favicon.ico HTTP/1.1" 200 1739
2021-09-15 13:06:58 - INFO - "GET /instructor/2 HTTP/1.1" 200 24228
2021-09-15 13:06:58 - INFO - "GET /instructor HTTP/1.1" 200 25771
2021-09-15 13:06:58 - INFO - "GET /static/js/app.js HTTP/1.1" 304 0
2021-09-15 13:06:58 - INFO - "GET /static/css/style.css HTTP/1.1" 304 0
2021-09-15 13:06:58 - INFO - "GET /static/js/statistics.js HTTP/1.1" 304 0
2021-09-15 13:06:58 - INFO - "GET /favicon.ico HTTP/1.1" 200 1739
2021-09-15 13:22:48 - ERROR - TemplateSyntaxError in /home/devjames/Documentos/Projetos/Mansonit-base/fitmiles/resources/templates/instructor/single.html on line 64
2021-09-15 13:22:48 - ERROR - "GET /instructor/2 HTTP/1.1" 500 1038175
2021-09-15 13:22:54 - ERROR - TemplateSyntaxError in /home/devjames/Documentos/Projetos/Mansonit-base/fitmiles/resources/templates/instructor/single.html on line 64
2021-09-15 13:22:54 - ERROR - "GET /instructor/2 HTTP/1.1" 500 1038175
2021-09-15 13:22:56 - ERROR - TemplateSyntaxError in /home/devjames/Documentos/Projetos/Mansonit-base/fitmiles/resources/templates/instructor/single.html on line 64
2021-09-15 13:22:56 - ERROR - "GET /instructor/2 HTTP/1.1" 500 1038175
2021-09-15 13:22:57 - ERROR - TemplateSyntaxError in /home/devjames/Documentos/Projetos/Mansonit-base/fitmiles/resources/templates/instructor/single.html on line 64
2021-09-15 13:23:01 - ERROR - TemplateSyntaxError in /home/devjames/Documentos/Projetos/Mansonit-base/fitmiles/resources/templates/instructor/single.html on line 64
2021-09-15 13:23:01 - ERROR - "GET /instructor/2 HTTP/1.1" 500 1038175
2021-09-15 13:23:41 - ERROR - TemplateSyntaxError in /home/devjames/Documentos/Projetos/Mansonit-base/fitmiles/resources/templates/instructor/single.html on line 64
2021-09-15 13:23:41 - ERROR - "GET /instructor/2 HTTP/1.1" 500 1038175
2021-09-15 13:30:00 - INFO - "GET /instructor HTTP/1.1" 200 25771
2021-09-15 13:30:00 - INFO - "GET /static/css/style.css HTTP/1.1" 304 0
2021-09-15 13:30:00 - INFO - "GET /static/js/statistics.js HTTP/1.1" 304 0
2021-09-15 13:30:00 - INFO - "GET /static/js/app.js HTTP/1.1" 304 0
2021-09-15 13:30:00 - INFO - "GET /favicon.ico HTTP/1.1" 200 1739
2021-09-15 13:30:00 - INFO - "GET /instructor/2 HTTP/1.1" 200 24745
2021-09-15 13:30:00 - INFO - "GET /instructor/create HTTP/1.1" 200 22546
2021-09-15 13:30:00 - INFO - "POST /instructor HTTP/1.1" 302 15
2021-09-15 13:30:00 - INFO - "GET /instructor HTTP/1.1" 200 25771
2021-09-15 13:35:08 - INFO - "GET /instructor HTTP/1.1" 200 25771
2021-09-15 13:35:08 - INFO - "GET /static/css/style.css HTTP/1.1" 304 0
2021-09-15 13:35:08 - INFO - "GET /static/js/statistics.js HTTP/1.1" 304 0
2021-09-15 13:35:08 - INFO - "GET /static/js/app.js HTTP/1.1" 304 0
2021-09-15 13:35:08 - INFO - "GET /favicon.ico HTTP/1.1" 200 1739
2021-09-15 13:35:08 - INFO - "GET /instructor/create HTTP/1.1" 200 26373
2021-09-15 13:35:08 - INFO - "POST /instructor HTTP/1.1" 302 15
2021-09-15 13:35:08 - INFO - "GET /instructor/create HTTP/1.1" 200 26373
2021-09-15 13:35:08 - INFO - "GET /instructor/create HTTP/1.1" 200 22546
2021-09-15 13:35:08 - INFO - "POST /instructor HTTP/1.1" 302 15
2021-09-15 13:35:08 - INFO - "GET /instructor/create HTTP/1.1" 200 26373
2021-09-15 13:35:08 - INFO - "GET /instructor HTTP/1.1" 200 25771
2021-09-15 13:35:08 - INFO - "GET /favicon.ico HTTP/1.1" 200 1739
2021-09-15 13:35:08 - INFO - "GET /instructor/create HTTP/1.1" 200 22546
2021-09-15 13:35:08 - INFO - "POST /instructor HTTP/1.1" 302 15
2021-09-15 13:35:08 - INFO - "GET /instructor/create HTTP/1.1" 200 26373
2021-09-15 13:35:08 - INFO - "GET /instructor HTTP/1.1" 200 25771
2021-09-15 13:35:08 - INFO - "GET /static/css/style.css HTTP/1.1" 304 0
2021-09-15 13:35:08 - INFO - "GET /static/js/app.js HTTP/1.1" 304 0
2021-09-15 13:35:08 - INFO - "GET /static/js/statistics.js HTTP/1.1" 304 0
2021-09-15 13:35:08 - INFO - "GET /favicon.ico HTTP/1.1" 200 1739
2021-09-15 13:46:46 - ERROR - TemplateNotFound in 0 on line 0
2021-09-15 13:46:46 - ERROR - "GET /instructor/create HTTP/1.1" 500 1057922
2021-09-15 14:13:26 - INFO - "GET /instructor HTTP/1.1" 200 25797
2021-09-15 14:13:26 - INFO - "GET /static/js/statistics.js HTTP/1.1" 304 0
2021-09-15 14:13:26 - INFO - "GET /static/js/app.js HTTP/1.1" 304 0
2021-09-15 14:13:26 - INFO - "GET /static/css/style.css HTTP/1.1" 304 0
2021-09-15 14:13:26 - INFO - "GET /favicon.ico HTTP/1.1" 200 1739
2021-09-15 14:13:26 - INFO - "GET /instructor/2 HTTP/1.1" 200 24774
2021-09-15 14:13:26 - INFO - "GET /instructor/create HTTP/1.1" 200 22546
2021-09-15 14:42:52 - ERROR - AttributeError in /home/devjames/Documentos/Projetos/Mansonit-base/fitmiles/app/http/controllers/InstructorController.py on line 61
2021-09-15 14:42:52 - ERROR - "POST /instructor HTTP/1.1" 500 1053185
2021-09-15 14:45:19 - INFO - "GET /instructor HTTP/1.1" 200 25797
2021-09-15 14:45:19 - INFO - "GET /static/css/style.css HTTP/1.1" 304 0
2021-09-15 14:45:19 - INFO - "GET /static/js/app.js HTTP/1.1" 304 0
2021-09-15 14:45:19 - INFO - "GET /static/js/statistics.js HTTP/1.1" 304 0
2021-09-15 14:45:19 - INFO - "GET /favicon.ico HTTP/1.1" 200 1739
2021-09-15 14:45:19 - INFO - "GET /instructor/create HTTP/1.1" 200 22546
2021-09-15 14:46:00 - ERROR - AttributeError in /home/devjames/Documentos/Projetos/Mansonit-base/fitmiles/app/http/controllers/InstructorController.py on line 61
2021-09-15 14:46:00 - ERROR - "POST /instructor HTTP/1.1" 500 1053244
2021-09-15 14:48:02 - INFO - "GET /instructor/2 HTTP/1.1" 200 24774
2021-09-15 14:48:02 - INFO - "GET /instructor HTTP/1.1" 200 25797
2021-09-15 14:48:02 - INFO - "GET /static/css/style.css HTTP/1.1" 304 0
2021-09-15 14:48:02 - INFO - "GET /static/js/app.js HTTP/1.1" 304 0
2021-09-15 14:48:02 - INFO - "GET /static/js/statistics.js HTTP/1.1" 304 0
2021-09-15 14:48:02 - INFO - "GET /favicon.ico HTTP/1.1" 200 1739
2021-09-15 14:52:00 - INFO - "GET /instructor HTTP/1.1" 200 25797
2021-09-15 14:52:00 - INFO - "GET /static/css/style.css HTTP/1.1" 304 0
2021-09-15 14:52:00 - INFO - "GET /static/js/app.js HTTP/1.1" 304 0
2021-09-15 14:52:00 - INFO - "GET /static/js/statistics.js HTTP/1.1" 304 0
2021-09-15 14:52:00 - INFO - "GET /favicon.ico HTTP/1.1" 200 1739
2021-09-15 14:52:00 - INFO - "GET /instructor/create HTTP/1.1" 200 22546
2021-09-15 14:54:33 - ERROR - AttributeError in /home/devjames/Documentos/Projetos/Mansonit-base/fitmiles/app/http/controllers/InstructorController.py on line 61
2021-09-15 14:54:33 - ERROR - "POST /instructor HTTP/1.1" 500 1053177
2021-09-15 14:57:01 - INFO - "GET / HTTP/1.1" 200 27692
2021-09-15 14:57:01 - INFO - "GET /instructor HTTP/1.1" 200 25797
2021-09-15 14:57:01 - INFO - "GET /instructor/create HTTP/1.1" 200 22546
2021-09-15 14:58:36 - ERROR - AttributeError in /home/devjames/Documentos/Projetos/Mansonit-base/fitmiles/app/http/controllers/InstructorController.py on line 61
2021-09-15 14:58:36 - ERROR - "POST /instructor HTTP/1.1" 500 1053314
2021-09-15 15:09:21 - INFO - "GET /instructor HTTP/1.1" 200 25801
2021-09-15 15:09:21 - INFO - "GET /static/css/style.css HTTP/1.1" 304 0
2021-09-15 15:09:21 - INFO - "GET /static/js/app.js HTTP/1.1" 304 0
2021-09-15 15:09:21 - INFO - "GET /static/js/statistics.js HTTP/1.1" 304 0
2021-09-15 15:09:21 - INFO - "GET /favicon.ico HTTP/1.1" 200 1739
2021-09-15 15:09:21 - INFO - "GET /instructor/2 HTTP/1.1" 200 24919
2021-09-15 15:09:21 - INFO - "GET /instructor/2/update HTTP/1.1" 200 22699
2021-09-15 15:09:21 - INFO - "POST /instructor/2/update HTTP/1.1" 302 15
2021-09-15 15:09:21 - INFO - "GET /instructor/2 HTTP/1.1" 200 24924
2021-09-15 15:09:21 - INFO - "GET /instructor/create HTTP/1.1" 200 22546
2021-09-15 15:10:22 - ERROR - AttributeError in /home/devjames/Documentos/Projetos/Mansonit-base/fitmiles/app/http/controllers/InstructorController.py on line 61
2021-09-15 15:10:22 - ERROR - "POST /instructor HTTP/1.1" 500 1053154
2021-09-15 15:22:44 - INFO - "GET /instructor HTTP/1.1" 200 25810
2021-09-15 15:22:44 - INFO - "GET /static/css/style.css HTTP/1.1" 304 0
2021-09-15 15:22:44 - INFO - "GET /static/js/app.js HTTP/1.1" 304 0
2021-09-15 15:22:44 - INFO - "GET /static/js/statistics.js HTTP/1.1" 304 0
2021-09-15 15:22:44 - INFO - "GET /favicon.ico HTTP/1.1" 200 1739
2021-09-15 15:22:44 - INFO - "GET /instructor/create HTTP/1.1" 200 22555
2021-09-15 15:25:05 - ERROR - AttributeError in /home/devjames/Documentos/Projetos/Mansonit-base/fitmiles/app/http/controllers/InstructorController.py on line 61
2021-09-15 15:25:05 - ERROR - "POST /instructor HTTP/1.1" 500 1053121
